<?xml version="1.0" encoding="UTF-8"?>
<!-- Generated by org.testng.reporters.JUnitXMLReporter -->
<testsuite ignored="0" hostname="MacBook-Air-de-Felipe.local" failures="0" tests="3" name="Default test" time="2.82" errors="0" timestamp="2025-04-20T00:51:48 BRT">
  <testcase classname="files.DynamicJson" name="addBook" time="1.399"/>
  <testcase classname="files.DynamicJson" name="addBook" time="0.693"/>
  <testcase classname="files.DynamicJson" name="addBook" time="0.707"/>
</testsuite> <!-- Default test -->
